[ 2018-11-15T20:05:36+08:00 ] ::1 /sztaekwondo/Home/Index/index
INFO: [ app_init ] --START--
INFO: Run Behavior\BuildLiteBehavior [ RunTime:0.000013s ]
INFO: [ app_init ] --END-- [ RunTime:0.000695s ]
INFO: [ app_begin ] --START--
INFO: Run Behavior\ReadHtmlCacheBehavior [ RunTime:0.000901s ]
INFO: [ app_begin ] --END-- [ RunTime:0.000946s ]
ERR: SQLSTATE[HY000] [1045] Access denied for user 'root'@'111.63.21.98' (using password: YES)

[ 2018-11-15T20:06:51+08:00 ] ::1 /sztaekwondo/Home/Index/index
INFO: [ app_init ] --START--
INFO: Run Behavior\BuildLiteBehavior [ RunTime:0.000012s ]
INFO: [ app_init ] --END-- [ RunTime:0.000498s ]
INFO: [ app_begin ] --START--
INFO: Run Behavior\ReadHtmlCacheBehavior [ RunTime:0.002278s ]
INFO: [ app_begin ] --END-- [ RunTime:0.002381s ]
SQL: SHOW COLUMNS FROM `sz_article` [ RunTime:0.0492s ]
SQL: SHOW COLUMNS FROM `sz_image` [ RunTime:0.0146s ]
SQL: SELECT * FROM `sz_article` WHERE ( article_isdel = "已发布" )  [ RunTime:0.0005s ]
SQL: SELECT * FROM `sz_image` WHERE ( img_typeid = 1 and img_isdel = "已发布" )  [ RunTime:0.0002s ]
SQL: SELECT * FROM `sz_image` WHERE ( img_typeid = 2 and img_isdel = "已发布" )  [ RunTime:0.0003s ]
SQL: SELECT * FROM `sz_image` WHERE ( img_typeid = 3 and img_isdel = "已发布" )  [ RunTime:0.0003s ]
INFO: [ view_parse ] --START--
INFO: [ template_filter ] --START--
INFO: Run Behavior\ContentReplaceBehavior [ RunTime:0.000513s ]
INFO: [ template_filter ] --END-- [ RunTime:0.000621s ]
NOTIC: [8] Undefined index: pubtime D:\Software\phpstudy\PHPTutorial\WWW\sztaekwondo\Application\Runtime\Cache\Home\2a94b8bda04ff446dcedd42276fc99ee.php 第 206 行.
NOTIC: [8] Undefined index: pubtime D:\Software\phpstudy\PHPTutorial\WWW\sztaekwondo\Application\Runtime\Cache\Home\2a94b8bda04ff446dcedd42276fc99ee.php 第 206 行.
NOTIC: [8] Undefined index: pubtime D:\Software\phpstudy\PHPTutorial\WWW\sztaekwondo\Application\Runtime\Cache\Home\2a94b8bda04ff446dcedd42276fc99ee.php 第 206 行.
INFO: Run Behavior\ParseTemplateBehavior [ RunTime:0.146981s ]
INFO: [ view_parse ] --END-- [ RunTime:0.147040s ]
INFO: [ view_filter ] --START--
INFO: Run Behavior\WriteHtmlCacheBehavior [ RunTime:0.000999s ]
INFO: [ view_filter ] --END-- [ RunTime:0.001037s ]
INFO: [ app_end ] --START--
INFO: Run Behavior\ShowPageTraceBehavior [ RunTime:0.001608s ]
INFO: [ app_end ] --END-- [ RunTime:0.001651s ]

[ 2018-11-15T20:06:52+08:00 ] ::1 /sztaekwondo/index.php
INFO: [ app_init ] --START--
INFO: Run Behavior\BuildLiteBehavior [ RunTime:0.000014s ]
INFO: [ app_init ] --END-- [ RunTime:0.000495s ]
INFO: [ app_begin ] --START--
INFO: Run Behavior\ReadHtmlCacheBehavior [ RunTime:0.002744s ]
INFO: [ app_begin ] --END-- [ RunTime:0.002948s ]
SQL: SHOW COLUMNS FROM `sz_article` [ RunTime:0.0010s ]
SQL: SHOW COLUMNS FROM `sz_image` [ RunTime:0.0009s ]
SQL: SELECT * FROM `sz_article` WHERE ( article_isdel = "已发布" )  [ RunTime:0.0004s ]
SQL: SELECT * FROM `sz_image` WHERE ( img_typeid = 1 and img_isdel = "已发布" )  [ RunTime:0.0004s ]
SQL: SELECT * FROM `sz_image` WHERE ( img_typeid = 2 and img_isdel = "已发布" )  [ RunTime:0.0002s ]
SQL: SELECT * FROM `sz_image` WHERE ( img_typeid = 3 and img_isdel = "已发布" )  [ RunTime:0.0002s ]
INFO: [ view_parse ] --START--
INFO: [ template_filter ] --START--
INFO: Run Behavior\ContentReplaceBehavior [ RunTime:0.000160s ]
INFO: [ template_filter ] --END-- [ RunTime:0.000242s ]
NOTIC: [8] Undefined index: pubtime D:\Software\phpstudy\PHPTutorial\WWW\sztaekwondo\Application\Runtime\Cache\Home\2a94b8bda04ff446dcedd42276fc99ee.php 第 206 行.
NOTIC: [8] Undefined index: pubtime D:\Software\phpstudy\PHPTutorial\WWW\sztaekwondo\Application\Runtime\Cache\Home\2a94b8bda04ff446dcedd42276fc99ee.php 第 206 行.
NOTIC: [8] Undefined index: pubtime D:\Software\phpstudy\PHPTutorial\WWW\sztaekwondo\Application\Runtime\Cache\Home\2a94b8bda04ff446dcedd42276fc99ee.php 第 206 行.
INFO: Run Behavior\ParseTemplateBehavior [ RunTime:0.090492s ]
INFO: [ view_parse ] --END-- [ RunTime:0.090543s ]
INFO: [ view_filter ] --START--
INFO: Run Behavior\WriteHtmlCacheBehavior [ RunTime:0.002216s ]
INFO: [ view_filter ] --END-- [ RunTime:0.002548s ]
INFO: [ app_end ] --START--
INFO: Run Behavior\ShowPageTraceBehavior [ RunTime:0.001532s ]
INFO: [ app_end ] --END-- [ RunTime:0.001621s ]

[ 2018-11-15T20:06:56+08:00 ] ::1 /sztaekwondo/
INFO: [ app_init ] --START--
INFO: Run Behavior\BuildLiteBehavior [ RunTime:0.000012s ]
INFO: [ app_init ] --END-- [ RunTime:0.000497s ]
INFO: [ app_begin ] --START--
INFO: Run Behavior\ReadHtmlCacheBehavior [ RunTime:0.001008s ]
INFO: [ app_begin ] --END-- [ RunTime:0.001052s ]
SQL: SHOW COLUMNS FROM `sz_article` [ RunTime:0.0042s ]
SQL: SHOW COLUMNS FROM `sz_image` [ RunTime:0.0017s ]
SQL: SELECT * FROM `sz_article` WHERE ( article_isdel = "已发布" )  [ RunTime:0.0014s ]
SQL: SELECT * FROM `sz_image` WHERE ( img_typeid = 1 and img_isdel = "已发布" )  [ RunTime:0.0007s ]
SQL: SELECT * FROM `sz_image` WHERE ( img_typeid = 2 and img_isdel = "已发布" )  [ RunTime:0.0002s ]
SQL: SELECT * FROM `sz_image` WHERE ( img_typeid = 3 and img_isdel = "已发布" )  [ RunTime:0.0002s ]
INFO: [ view_parse ] --START--
INFO: [ template_filter ] --START--
INFO: Run Behavior\ContentReplaceBehavior [ RunTime:0.000099s ]
INFO: [ template_filter ] --END-- [ RunTime:0.000139s ]
NOTIC: [8] Undefined index: pubtime D:\Software\phpstudy\PHPTutorial\WWW\sztaekwondo\Application\Runtime\Cache\Home\2a94b8bda04ff446dcedd42276fc99ee.php 第 206 行.
NOTIC: [8] Undefined index: pubtime D:\Software\phpstudy\PHPTutorial\WWW\sztaekwondo\Application\Runtime\Cache\Home\2a94b8bda04ff446dcedd42276fc99ee.php 第 206 行.
NOTIC: [8] Undefined index: pubtime D:\Software\phpstudy\PHPTutorial\WWW\sztaekwondo\Application\Runtime\Cache\Home\2a94b8bda04ff446dcedd42276fc99ee.php 第 206 行.
INFO: Run Behavior\ParseTemplateBehavior [ RunTime:0.087789s ]
INFO: [ view_parse ] --END-- [ RunTime:0.088041s ]
INFO: [ view_filter ] --START--
INFO: Run Behavior\WriteHtmlCacheBehavior [ RunTime:0.001157s ]
INFO: [ view_filter ] --END-- [ RunTime:0.001412s ]
INFO: [ app_end ] --START--
INFO: Run Behavior\ShowPageTraceBehavior [ RunTime:0.001213s ]
INFO: [ app_end ] --END-- [ RunTime:0.001264s ]

[ 2018-11-15T20:09:09+08:00 ] ::1 /sztaekwondo/index.php/Home/Index/article.html?id=1
INFO: [ app_init ] --START--
INFO: Run Behavior\BuildLiteBehavior [ RunTime:0.000011s ]
INFO: [ app_init ] --END-- [ RunTime:0.000768s ]
INFO: [ app_begin ] --START--
INFO: Run Behavior\ReadHtmlCacheBehavior [ RunTime:0.002967s ]
INFO: [ app_begin ] --END-- [ RunTime:0.003038s ]
SQL: SHOW COLUMNS FROM `sz_article` [ RunTime:0.0008s ]
SQL: SELECT * FROM `sz_article` WHERE `article_id` = 1 LIMIT 1   [ RunTime:0.0138s ]
INFO: [ view_parse ] --START--
INFO: [ template_filter ] --START--
INFO: Run Behavior\ContentReplaceBehavior [ RunTime:0.000099s ]
INFO: [ template_filter ] --END-- [ RunTime:0.000148s ]
INFO: Run Behavior\ParseTemplateBehavior [ RunTime:0.152955s ]
INFO: [ view_parse ] --END-- [ RunTime:0.153014s ]
INFO: [ view_filter ] --START--
INFO: Run Behavior\WriteHtmlCacheBehavior [ RunTime:0.000689s ]
INFO: [ view_filter ] --END-- [ RunTime:0.000721s ]
INFO: [ app_end ] --START--
INFO: Run Behavior\ShowPageTraceBehavior [ RunTime:0.000947s ]
INFO: [ app_end ] --END-- [ RunTime:0.000991s ]

[ 2018-11-15T20:09:09+08:00 ] ::1 /sztaekwondo/index.php/Home/Index/js/megamenu.js
INFO: [ app_init ] --START--
INFO: Run Behavior\BuildLiteBehavior [ RunTime:0.000013s ]
INFO: [ app_init ] --END-- [ RunTime:0.000439s ]
INFO: [ app_begin ] --START--
INFO: Run Behavior\ReadHtmlCacheBehavior [ RunTime:0.000704s ]
INFO: [ app_begin ] --END-- [ RunTime:0.000752s ]
ERR: 非法操作:js

[ 2018-11-15T20:09:09+08:00 ] ::1 /sztaekwondo/index.php/Home/Index/js/jquery1.min.js
INFO: [ app_init ] --START--
INFO: Run Behavior\BuildLiteBehavior [ RunTime:0.000011s ]
INFO: [ app_init ] --END-- [ RunTime:0.000414s ]
INFO: [ app_begin ] --START--
INFO: Run Behavior\ReadHtmlCacheBehavior [ RunTime:0.000740s ]
INFO: [ app_begin ] --END-- [ RunTime:0.000781s ]
ERR: 非法操作:js

[ 2018-11-15T20:09:10+08:00 ] ::1 /sztaekwondo/index.php/Home/Index/js/megamenu.js
INFO: [ app_init ] --START--
INFO: Run Behavior\BuildLiteBehavior [ RunTime:0.000012s ]
INFO: [ app_init ] --END-- [ RunTime:0.000468s ]
INFO: [ app_begin ] --START--
INFO: Run Behavior\ReadHtmlCacheBehavior [ RunTime:0.000693s ]
INFO: [ app_begin ] --END-- [ RunTime:0.000736s ]
ERR: 非法操作:js

[ 2018-11-15T20:09:14+08:00 ] ::1 /sztaekwondo/index.php/Home/Index/article.html?id=9
INFO: [ app_init ] --START--
INFO: Run Behavior\BuildLiteBehavior [ RunTime:0.000012s ]
INFO: [ app_init ] --END-- [ RunTime:0.000403s ]
INFO: [ app_begin ] --START--
INFO: Run Behavior\ReadHtmlCacheBehavior [ RunTime:0.000676s ]
INFO: [ app_begin ] --END-- [ RunTime:0.000715s ]
SQL: SHOW COLUMNS FROM `sz_article` [ RunTime:0.0008s ]
SQL: SELECT * FROM `sz_article` WHERE `article_id` = 9 LIMIT 1   [ RunTime:0.0003s ]
INFO: [ view_parse ] --START--
INFO: [ template_filter ] --START--
INFO: Run Behavior\ContentReplaceBehavior [ RunTime:0.000056s ]
INFO: [ template_filter ] --END-- [ RunTime:0.000094s ]
INFO: Run Behavior\ParseTemplateBehavior [ RunTime:0.061984s ]
INFO: [ view_parse ] --END-- [ RunTime:0.062035s ]
INFO: [ view_filter ] --START--
INFO: Run Behavior\WriteHtmlCacheBehavior [ RunTime:0.000630s ]
INFO: [ view_filter ] --END-- [ RunTime:0.000658s ]
INFO: [ app_end ] --START--
INFO: Run Behavior\ShowPageTraceBehavior [ RunTime:0.001125s ]
INFO: [ app_end ] --END-- [ RunTime:0.001174s ]

[ 2018-11-15T20:09:14+08:00 ] ::1 /sztaekwondo/index.php/Home/Index/js/megamenu.js
INFO: [ app_init ] --START--
INFO: Run Behavior\BuildLiteBehavior [ RunTime:0.000014s ]
INFO: [ app_init ] --END-- [ RunTime:0.000383s ]
INFO: [ app_begin ] --START--
INFO: Run Behavior\ReadHtmlCacheBehavior [ RunTime:0.000493s ]
INFO: [ app_begin ] --END-- [ RunTime:0.000535s ]
ERR: 非法操作:js

[ 2018-11-15T20:09:14+08:00 ] ::1 /sztaekwondo/index.php/Home/Index/js/jquery1.min.js
INFO: [ app_init ] --START--
INFO: Run Behavior\BuildLiteBehavior [ RunTime:0.000016s ]
INFO: [ app_init ] --END-- [ RunTime:0.000531s ]
INFO: [ app_begin ] --START--
INFO: Run Behavior\ReadHtmlCacheBehavior [ RunTime:0.001029s ]
INFO: [ app_begin ] --END-- [ RunTime:0.001108s ]
ERR: 非法操作:js

[ 2018-11-15T20:09:14+08:00 ] ::1 /sztaekwondo/index.php/Home/Index/js/megamenu.js
INFO: [ app_init ] --START--
INFO: Run Behavior\BuildLiteBehavior [ RunTime:0.000016s ]
INFO: [ app_init ] --END-- [ RunTime:0.000895s ]
INFO: [ app_begin ] --START--
INFO: Run Behavior\ReadHtmlCacheBehavior [ RunTime:0.000916s ]
INFO: [ app_begin ] --END-- [ RunTime:0.000969s ]
ERR: 非法操作:js

[ 2018-11-15T20:09:21+08:00 ] ::1 /sztaekwondo/index.php/Home/Index/article.html?id=10
INFO: [ app_init ] --START--
INFO: Run Behavior\BuildLiteBehavior [ RunTime:0.000014s ]
INFO: [ app_init ] --END-- [ RunTime:0.000941s ]
INFO: [ app_begin ] --START--
INFO: Run Behavior\ReadHtmlCacheBehavior [ RunTime:0.000735s ]
INFO: [ app_begin ] --END-- [ RunTime:0.000784s ]
SQL: SHOW COLUMNS FROM `sz_article` [ RunTime:0.0009s ]
SQL: SELECT * FROM `sz_article` WHERE `article_id` = 10 LIMIT 1   [ RunTime:0.0003s ]
INFO: [ view_parse ] --START--
INFO: [ template_filter ] --START--
INFO: Run Behavior\ContentReplaceBehavior [ RunTime:0.000090s ]
INFO: [ template_filter ] --END-- [ RunTime:0.000185s ]
INFO: Run Behavior\ParseTemplateBehavior [ RunTime:0.056024s ]
INFO: [ view_parse ] --END-- [ RunTime:0.056095s ]
INFO: [ view_filter ] --START--
INFO: Run Behavior\WriteHtmlCacheBehavior [ RunTime:0.000859s ]
INFO: [ view_filter ] --END-- [ RunTime:0.000910s ]
INFO: [ app_end ] --START--
INFO: Run Behavior\ShowPageTraceBehavior [ RunTime:0.001049s ]
INFO: [ app_end ] --END-- [ RunTime:0.001106s ]

[ 2018-11-15T20:09:21+08:00 ] ::1 /sztaekwondo/index.php/Home/Index/js/megamenu.js
INFO: [ app_init ] --START--
INFO: Run Behavior\BuildLiteBehavior [ RunTime:0.000013s ]
INFO: [ app_init ] --END-- [ RunTime:0.000361s ]
INFO: [ app_begin ] --START--
INFO: Run Behavior\ReadHtmlCacheBehavior [ RunTime:0.000519s ]
INFO: [ app_begin ] --END-- [ RunTime:0.000712s ]
ERR: 非法操作:js

[ 2018-11-15T20:09:21+08:00 ] ::1 /sztaekwondo/index.php/Home/Index/js/jquery1.min.js
INFO: [ app_init ] --START--
INFO: Run Behavior\BuildLiteBehavior [ RunTime:0.000025s ]
INFO: [ app_init ] --END-- [ RunTime:0.000630s ]
INFO: [ app_begin ] --START--
INFO: Run Behavior\ReadHtmlCacheBehavior [ RunTime:0.000806s ]
INFO: [ app_begin ] --END-- [ RunTime:0.000860s ]
ERR: 非法操作:js

[ 2018-11-15T20:09:21+08:00 ] ::1 /sztaekwondo/index.php/Home/Index/js/megamenu.js
INFO: [ app_init ] --START--
INFO: Run Behavior\BuildLiteBehavior [ RunTime:0.000012s ]
INFO: [ app_init ] --END-- [ RunTime:0.000426s ]
INFO: [ app_begin ] --START--
INFO: Run Behavior\ReadHtmlCacheBehavior [ RunTime:0.000723s ]
INFO: [ app_begin ] --END-- [ RunTime:0.000767s ]
ERR: 非法操作:js

[ 2018-11-15T20:09:35+08:00 ] ::1 /sztaekwondo/index.php/Home/Index/about.html
INFO: [ app_init ] --START--
INFO: Run Behavior\BuildLiteBehavior [ RunTime:0.000012s ]
INFO: [ app_init ] --END-- [ RunTime:0.000464s ]
INFO: [ app_begin ] --START--
INFO: Run Behavior\ReadHtmlCacheBehavior [ RunTime:0.000907s ]
INFO: [ app_begin ] --END-- [ RunTime:0.000963s ]
SQL: SHOW COLUMNS FROM `sz_image` [ RunTime:0.0007s ]
SQL: SELECT * FROM `sz_image` WHERE ( img_typeid = 3 and img_isdel = "已发布" )  [ RunTime:0.0003s ]
INFO: [ view_parse ] --START--
INFO: [ template_filter ] --START--
INFO: Run Behavior\ContentReplaceBehavior [ RunTime:0.000079s ]
INFO: [ template_filter ] --END-- [ RunTime:0.000116s ]
INFO: Run Behavior\ParseTemplateBehavior [ RunTime:0.131129s ]
INFO: [ view_parse ] --END-- [ RunTime:0.131172s ]
INFO: [ view_filter ] --START--
INFO: Run Behavior\WriteHtmlCacheBehavior [ RunTime:0.000526s ]
INFO: [ view_filter ] --END-- [ RunTime:0.000555s ]
INFO: [ app_end ] --START--
INFO: Run Behavior\ShowPageTraceBehavior [ RunTime:0.001147s ]
INFO: [ app_end ] --END-- [ RunTime:0.001216s ]

[ 2018-11-15T20:09:46+08:00 ] ::1 /sztaekwondo/index.php/Home/Index/index.html
INFO: [ app_init ] --START--
INFO: Run Behavior\BuildLiteBehavior [ RunTime:0.000023s ]
INFO: [ app_init ] --END-- [ RunTime:0.000625s ]
INFO: [ app_begin ] --START--
INFO: Run Behavior\ReadHtmlCacheBehavior [ RunTime:0.000765s ]
INFO: [ app_begin ] --END-- [ RunTime:0.000902s ]
SQL: SHOW COLUMNS FROM `sz_article` [ RunTime:0.0024s ]
SQL: SHOW COLUMNS FROM `sz_image` [ RunTime:0.0015s ]
SQL: SELECT * FROM `sz_article` WHERE ( article_isdel = "已发布" )  [ RunTime:0.0007s ]
SQL: SELECT * FROM `sz_image` WHERE ( img_typeid = 1 and img_isdel = "已发布" )  [ RunTime:0.0008s ]
SQL: SELECT * FROM `sz_image` WHERE ( img_typeid = 2 and img_isdel = "已发布" )  [ RunTime:0.0004s ]
SQL: SELECT * FROM `sz_image` WHERE ( img_typeid = 3 and img_isdel = "已发布" )  [ RunTime:0.0003s ]
INFO: [ view_parse ] --START--
INFO: [ template_filter ] --START--
INFO: Run Behavior\ContentReplaceBehavior [ RunTime:0.000111s ]
INFO: [ template_filter ] --END-- [ RunTime:0.000164s ]
NOTIC: [8] Undefined index: pubtime D:\Software\phpstudy\PHPTutorial\WWW\sztaekwondo\Application\Runtime\Cache\Home\2a94b8bda04ff446dcedd42276fc99ee.php 第 206 行.
NOTIC: [8] Undefined index: pubtime D:\Software\phpstudy\PHPTutorial\WWW\sztaekwondo\Application\Runtime\Cache\Home\2a94b8bda04ff446dcedd42276fc99ee.php 第 206 行.
NOTIC: [8] Undefined index: pubtime D:\Software\phpstudy\PHPTutorial\WWW\sztaekwondo\Application\Runtime\Cache\Home\2a94b8bda04ff446dcedd42276fc99ee.php 第 206 行.
INFO: Run Behavior\ParseTemplateBehavior [ RunTime:0.070103s ]
INFO: [ view_parse ] --END-- [ RunTime:0.070201s ]
INFO: [ view_filter ] --START--
INFO: Run Behavior\WriteHtmlCacheBehavior [ RunTime:0.000895s ]
INFO: [ view_filter ] --END-- [ RunTime:0.000945s ]
INFO: [ app_end ] --START--
INFO: Run Behavior\ShowPageTraceBehavior [ RunTime:0.003425s ]
INFO: [ app_end ] --END-- [ RunTime:0.003500s ]

