[ 2018-12-07T18:27:13+08:00 ] ::1 /sztaekwondo/index.php/Home/Index/about.html
INFO: [ app_init ] --START--
INFO: Run Behavior\BuildLiteBehavior [ RunTime:0.000023s ]
INFO: [ app_init ] --END-- [ RunTime:0.015501s ]
INFO: [ app_begin ] --START--
INFO: Run Behavior\ReadHtmlCacheBehavior [ RunTime:0.001243s ]
INFO: [ app_begin ] --END-- [ RunTime:0.001265s ]
SQL: SHOW COLUMNS FROM `sz_image` [ RunTime:0.0007s ]
SQL: SELECT * FROM `sz_image` WHERE ( img_typeid = 3 and img_isdel = "已发布" )  [ RunTime:0.0003s ]
INFO: [ view_parse ] --START--
INFO: [ template_filter ] --START--
INFO: Run Behavior\ContentReplaceBehavior [ RunTime:0.000051s ]
INFO: [ template_filter ] --END-- [ RunTime:0.000071s ]
INFO: Run Behavior\ParseTemplateBehavior [ RunTime:0.156808s ]
INFO: [ view_parse ] --END-- [ RunTime:0.156863s ]
INFO: [ view_filter ] --START--
INFO: Run Behavior\WriteHtmlCacheBehavior [ RunTime:0.022809s ]
INFO: [ view_filter ] --END-- [ RunTime:0.022868s ]
INFO: [ app_end ] --START--
INFO: Run Behavior\ShowPageTraceBehavior [ RunTime:0.007646s ]
INFO: [ app_end ] --END-- [ RunTime:0.007697s ]

[ 2018-12-07T18:27:14+08:00 ] ::1 /sztaekwondo/index.php/Home/Index/index.html
INFO: [ app_init ] --START--
INFO: Run Behavior\BuildLiteBehavior [ RunTime:0.000011s ]
INFO: [ app_init ] --END-- [ RunTime:0.000585s ]
INFO: [ app_begin ] --START--
INFO: Run Behavior\ReadHtmlCacheBehavior [ RunTime:0.000454s ]
INFO: [ app_begin ] --END-- [ RunTime:0.000475s ]
SQL: SHOW COLUMNS FROM `sz_article` [ RunTime:0.0006s ]
SQL: SHOW COLUMNS FROM `sz_image` [ RunTime:0.0009s ]
SQL: SELECT * FROM `sz_article` WHERE ( article_isdel = "已发布" )  [ RunTime:0.0005s ]
SQL: SELECT * FROM `sz_image` WHERE ( img_typeid = 1 and img_isdel = "已发布" )  [ RunTime:0.0002s ]
SQL: SELECT * FROM `sz_image` WHERE ( img_typeid = 2 and img_isdel = "已发布" )  [ RunTime:0.0002s ]
SQL: SELECT * FROM `sz_image` WHERE ( img_typeid = 3 and img_isdel = "已发布" )  [ RunTime:0.0002s ]
INFO: [ view_parse ] --START--
INFO: [ template_filter ] --START--
INFO: Run Behavior\ContentReplaceBehavior [ RunTime:0.000058s ]
INFO: [ template_filter ] --END-- [ RunTime:0.000076s ]
NOTIC: [8] Undefined index: pubtime D:\Software\Apache24\htdocs\sztaekwondo\Application\Runtime\Cache\Home\2a94b8bda04ff446dcedd42276fc99ee.php 第 206 行.
NOTIC: [8] Undefined index: pubtime D:\Software\Apache24\htdocs\sztaekwondo\Application\Runtime\Cache\Home\2a94b8bda04ff446dcedd42276fc99ee.php 第 206 行.
NOTIC: [8] Undefined index: pubtime D:\Software\Apache24\htdocs\sztaekwondo\Application\Runtime\Cache\Home\2a94b8bda04ff446dcedd42276fc99ee.php 第 206 行.
INFO: Run Behavior\ParseTemplateBehavior [ RunTime:0.093315s ]
INFO: [ view_parse ] --END-- [ RunTime:0.093336s ]
INFO: [ view_filter ] --START--
INFO: Run Behavior\WriteHtmlCacheBehavior [ RunTime:0.000364s ]
INFO: [ view_filter ] --END-- [ RunTime:0.000379s ]
INFO: [ app_end ] --START--
INFO: Run Behavior\ShowPageTraceBehavior [ RunTime:0.000650s ]
INFO: [ app_end ] --END-- [ RunTime:0.000675s ]

