[ 2018-12-07T18:28:56+08:00 ] ::1 /sztaekwondo/index.php/Admin/index/index.html
INFO: [ app_init ] --START--
INFO: Run Behavior\BuildLiteBehavior [ RunTime:0.000028s ]
INFO: [ app_init ] --END-- [ RunTime:0.000644s ]
INFO: [ app_begin ] --START--
INFO: Run Behavior\ReadHtmlCacheBehavior [ RunTime:0.000664s ]
INFO: [ app_begin ] --END-- [ RunTime:0.000688s ]
INFO: [ view_parse ] --START--
INFO: [ template_filter ] --START--
INFO: Run Behavior\ContentReplaceBehavior [ RunTime:0.000038s ]
INFO: [ template_filter ] --END-- [ RunTime:0.000064s ]
INFO: Run Behavior\ParseTemplateBehavior [ RunTime:0.099231s ]
INFO: [ view_parse ] --END-- [ RunTime:0.099259s ]
INFO: [ view_filter ] --START--
INFO: Run Behavior\WriteHtmlCacheBehavior [ RunTime:0.000545s ]
INFO: [ view_filter ] --END-- [ RunTime:0.000562s ]
INFO: [ app_end ] --START--
INFO: Run Behavior\ShowPageTraceBehavior [ RunTime:0.001116s ]
INFO: [ app_end ] --END-- [ RunTime:0.001286s ]

[ 2018-12-07T18:28:56+08:00 ] ::1 /sztaekwondo/index.php/Admin/Index/verify.html
INFO: [ app_init ] --START--
INFO: Run Behavior\BuildLiteBehavior [ RunTime:0.000007s ]
INFO: [ app_init ] --END-- [ RunTime:0.000393s ]
INFO: [ app_begin ] --START--
INFO: Run Behavior\ReadHtmlCacheBehavior [ RunTime:0.000558s ]
INFO: [ app_begin ] --END-- [ RunTime:0.000634s ]
INFO: [ app_end ] --START--
INFO: Run Behavior\ShowPageTraceBehavior [ RunTime:0.000661s ]
INFO: [ app_end ] --END-- [ RunTime:0.000688s ]

[ 2018-12-07T18:29:03+08:00 ] ::1 /sztaekwondo/index.php/Admin/index/verify/0.6490411214864258
INFO: [ app_init ] --START--
INFO: Run Behavior\BuildLiteBehavior [ RunTime:0.000006s ]
INFO: [ app_init ] --END-- [ RunTime:0.000308s ]
INFO: [ app_begin ] --START--
INFO: Run Behavior\ReadHtmlCacheBehavior [ RunTime:0.000437s ]
INFO: [ app_begin ] --END-- [ RunTime:0.000457s ]
INFO: [ app_end ] --START--
INFO: Run Behavior\ShowPageTraceBehavior [ RunTime:0.000552s ]
INFO: [ app_end ] --END-- [ RunTime:0.000576s ]

[ 2018-12-07T18:29:04+08:00 ] ::1 /sztaekwondo/index.php/Admin/index/verify/0.9851006522513475
INFO: [ app_init ] --START--
INFO: Run Behavior\BuildLiteBehavior [ RunTime:0.000005s ]
INFO: [ app_init ] --END-- [ RunTime:0.000382s ]
INFO: [ app_begin ] --START--
INFO: Run Behavior\ReadHtmlCacheBehavior [ RunTime:0.000387s ]
INFO: [ app_begin ] --END-- [ RunTime:0.000405s ]
INFO: [ app_end ] --START--
INFO: Run Behavior\ShowPageTraceBehavior [ RunTime:0.000409s ]
INFO: [ app_end ] --END-- [ RunTime:0.000428s ]

[ 2018-12-07T18:29:05+08:00 ] ::1 /sztaekwondo/index.php/Admin/index/verify/0.066286713017089
INFO: [ app_init ] --START--
INFO: Run Behavior\BuildLiteBehavior [ RunTime:0.000005s ]
INFO: [ app_init ] --END-- [ RunTime:0.000330s ]
INFO: [ app_begin ] --START--
INFO: Run Behavior\ReadHtmlCacheBehavior [ RunTime:0.000443s ]
INFO: [ app_begin ] --END-- [ RunTime:0.000460s ]
INFO: [ app_end ] --START--
INFO: Run Behavior\ShowPageTraceBehavior [ RunTime:0.001036s ]
INFO: [ app_end ] --END-- [ RunTime:0.001086s ]

[ 2018-12-07T18:29:06+08:00 ] ::1 /sztaekwondo/index.php/Admin/index/verify/0.8717180598171823
INFO: [ app_init ] --START--
INFO: Run Behavior\BuildLiteBehavior [ RunTime:0.000005s ]
INFO: [ app_init ] --END-- [ RunTime:0.000283s ]
INFO: [ app_begin ] --START--
INFO: Run Behavior\ReadHtmlCacheBehavior [ RunTime:0.000751s ]
INFO: [ app_begin ] --END-- [ RunTime:0.000770s ]
INFO: [ app_end ] --START--
INFO: Run Behavior\ShowPageTraceBehavior [ RunTime:0.000404s ]
INFO: [ app_end ] --END-- [ RunTime:0.000423s ]

[ 2018-12-07T18:29:07+08:00 ] ::1 /sztaekwondo/index.php/Admin/index/verify/0.8139878496960253
INFO: [ app_init ] --START--
INFO: Run Behavior\BuildLiteBehavior [ RunTime:0.000007s ]
INFO: [ app_init ] --END-- [ RunTime:0.000385s ]
INFO: [ app_begin ] --START--
INFO: Run Behavior\ReadHtmlCacheBehavior [ RunTime:0.000950s ]
INFO: [ app_begin ] --END-- [ RunTime:0.000976s ]
INFO: [ app_end ] --START--
INFO: Run Behavior\ShowPageTraceBehavior [ RunTime:0.001358s ]
INFO: [ app_end ] --END-- [ RunTime:0.001411s ]

[ 2018-12-07T18:29:12+08:00 ] ::1 /sztaekwondo/index.php/Admin/Index/check.html
INFO: [ app_init ] --START--
INFO: Run Behavior\BuildLiteBehavior [ RunTime:0.000006s ]
INFO: [ app_init ] --END-- [ RunTime:0.000312s ]
INFO: [ app_begin ] --START--
INFO: Run Behavior\ReadHtmlCacheBehavior [ RunTime:0.000670s ]
INFO: [ app_begin ] --END-- [ RunTime:0.000712s ]
SQL: SHOW COLUMNS FROM `sz_users` [ RunTime:0.0008s ]
SQL: SELECT * FROM `sz_users` WHERE ( user_name='root' and user_pwd='63a9f0ea7bb98050796b649e85481845' ) LIMIT 1   [ RunTime:0.0003s ]
INFO: [ view_parse ] --START--
INFO: [ template_filter ] --START--
INFO: Run Behavior\ContentReplaceBehavior [ RunTime:0.000060s ]
INFO: [ template_filter ] --END-- [ RunTime:0.000097s ]
INFO: Run Behavior\ParseTemplateBehavior [ RunTime:0.009767s ]
INFO: [ view_parse ] --END-- [ RunTime:0.009802s ]
INFO: [ view_filter ] --START--
INFO: Run Behavior\WriteHtmlCacheBehavior [ RunTime:0.000529s ]
INFO: [ view_filter ] --END-- [ RunTime:0.000556s ]
INFO: [ app_end ] --START--
INFO: Run Behavior\ShowPageTraceBehavior [ RunTime:0.000873s ]
INFO: [ app_end ] --END-- [ RunTime:0.000925s ]

[ 2018-12-07T18:29:15+08:00 ] ::1 /sztaekwondo/index.php/Admin/Main/index.html
INFO: [ app_init ] --START--
INFO: Run Behavior\BuildLiteBehavior [ RunTime:0.000007s ]
INFO: [ app_init ] --END-- [ RunTime:0.000768s ]
INFO: [ app_begin ] --START--
INFO: Run Behavior\ReadHtmlCacheBehavior [ RunTime:0.000479s ]
INFO: [ app_begin ] --END-- [ RunTime:0.000504s ]
INFO: [ view_parse ] --START--
INFO: [ template_filter ] --START--
INFO: Run Behavior\ContentReplaceBehavior [ RunTime:0.000037s ]
INFO: [ template_filter ] --END-- [ RunTime:0.000060s ]
INFO: Run Behavior\ParseTemplateBehavior [ RunTime:0.052163s ]
INFO: [ view_parse ] --END-- [ RunTime:0.052238s ]
INFO: [ view_filter ] --START--
INFO: Run Behavior\WriteHtmlCacheBehavior [ RunTime:0.000479s ]
INFO: [ view_filter ] --END-- [ RunTime:0.000507s ]
INFO: [ app_end ] --START--
INFO: Run Behavior\ShowPageTraceBehavior [ RunTime:0.000860s ]
INFO: [ app_end ] --END-- [ RunTime:0.000910s ]

[ 2018-12-07T18:29:16+08:00 ] ::1 /sztaekwondo/index.php/Admin/Main/welcome.html
INFO: [ app_init ] --START--
INFO: Run Behavior\BuildLiteBehavior [ RunTime:0.000005s ]
INFO: [ app_init ] --END-- [ RunTime:0.000303s ]
INFO: [ app_begin ] --START--
INFO: Run Behavior\ReadHtmlCacheBehavior [ RunTime:0.000671s ]
INFO: [ app_begin ] --END-- [ RunTime:0.000705s ]
INFO: [ view_parse ] --START--
INFO: [ template_filter ] --START--
INFO: Run Behavior\ContentReplaceBehavior [ RunTime:0.000030s ]
INFO: [ template_filter ] --END-- [ RunTime:0.000057s ]
INFO: Run Behavior\ParseTemplateBehavior [ RunTime:0.045437s ]
INFO: [ view_parse ] --END-- [ RunTime:0.045492s ]
INFO: [ view_filter ] --START--
INFO: Run Behavior\WriteHtmlCacheBehavior [ RunTime:0.000522s ]
INFO: [ view_filter ] --END-- [ RunTime:0.000564s ]
INFO: [ app_end ] --START--
INFO: Run Behavior\ShowPageTraceBehavior [ RunTime:0.001092s ]
INFO: [ app_end ] --END-- [ RunTime:0.001135s ]

[ 2018-12-07T18:29:18+08:00 ] ::1 /sztaekwondo/index.php/Admin/Article/index.html
INFO: [ app_init ] --START--
INFO: Run Behavior\BuildLiteBehavior [ RunTime:0.000005s ]
INFO: [ app_init ] --END-- [ RunTime:0.000282s ]
INFO: [ app_begin ] --START--
INFO: Run Behavior\ReadHtmlCacheBehavior [ RunTime:0.000489s ]
INFO: [ app_begin ] --END-- [ RunTime:0.000524s ]
SQL: SHOW COLUMNS FROM `sz_article` [ RunTime:0.0064s ]
SQL: SELECT * FROM `sz_article`  [ RunTime:0.0004s ]
INFO: [ view_parse ] --START--
INFO: [ template_filter ] --START--
INFO: Run Behavior\ContentReplaceBehavior [ RunTime:0.000098s ]
INFO: [ template_filter ] --END-- [ RunTime:0.000124s ]
NOTIC: [2] Use of undefined constant article_id - assumed 'article_id' (this will throw an Error in a future version of PHP) D:\Software\Apache24\htdocs\sztaekwondo\Application\Runtime\Cache\Admin\7a4184ffe8f804b12b2e7f8851dd8f7d.php 第 61 行.
NOTIC: [2] Use of undefined constant article_id - assumed 'article_id' (this will throw an Error in a future version of PHP) D:\Software\Apache24\htdocs\sztaekwondo\Application\Runtime\Cache\Admin\7a4184ffe8f804b12b2e7f8851dd8f7d.php 第 68 行.
NOTIC: [2] Use of undefined constant article_id - assumed 'article_id' (this will throw an Error in a future version of PHP) D:\Software\Apache24\htdocs\sztaekwondo\Application\Runtime\Cache\Admin\7a4184ffe8f804b12b2e7f8851dd8f7d.php 第 71 行.
NOTIC: [2] Use of undefined constant article_id - assumed 'article_id' (this will throw an Error in a future version of PHP) D:\Software\Apache24\htdocs\sztaekwondo\Application\Runtime\Cache\Admin\7a4184ffe8f804b12b2e7f8851dd8f7d.php 第 65 行.
NOTIC: [2] Use of undefined constant article_id - assumed 'article_id' (this will throw an Error in a future version of PHP) D:\Software\Apache24\htdocs\sztaekwondo\Application\Runtime\Cache\Admin\7a4184ffe8f804b12b2e7f8851dd8f7d.php 第 68 行.
NOTIC: [2] Use of undefined constant article_id - assumed 'article_id' (this will throw an Error in a future version of PHP) D:\Software\Apache24\htdocs\sztaekwondo\Application\Runtime\Cache\Admin\7a4184ffe8f804b12b2e7f8851dd8f7d.php 第 71 行.
NOTIC: [2] Use of undefined constant article_id - assumed 'article_id' (this will throw an Error in a future version of PHP) D:\Software\Apache24\htdocs\sztaekwondo\Application\Runtime\Cache\Admin\7a4184ffe8f804b12b2e7f8851dd8f7d.php 第 61 行.
NOTIC: [2] Use of undefined constant article_id - assumed 'article_id' (this will throw an Error in a future version of PHP) D:\Software\Apache24\htdocs\sztaekwondo\Application\Runtime\Cache\Admin\7a4184ffe8f804b12b2e7f8851dd8f7d.php 第 68 行.
NOTIC: [2] Use of undefined constant article_id - assumed 'article_id' (this will throw an Error in a future version of PHP) D:\Software\Apache24\htdocs\sztaekwondo\Application\Runtime\Cache\Admin\7a4184ffe8f804b12b2e7f8851dd8f7d.php 第 71 行.
NOTIC: [2] Use of undefined constant article_id - assumed 'article_id' (this will throw an Error in a future version of PHP) D:\Software\Apache24\htdocs\sztaekwondo\Application\Runtime\Cache\Admin\7a4184ffe8f804b12b2e7f8851dd8f7d.php 第 61 行.
NOTIC: [2] Use of undefined constant article_id - assumed 'article_id' (this will throw an Error in a future version of PHP) D:\Software\Apache24\htdocs\sztaekwondo\Application\Runtime\Cache\Admin\7a4184ffe8f804b12b2e7f8851dd8f7d.php 第 68 行.
NOTIC: [2] Use of undefined constant article_id - assumed 'article_id' (this will throw an Error in a future version of PHP) D:\Software\Apache24\htdocs\sztaekwondo\Application\Runtime\Cache\Admin\7a4184ffe8f804b12b2e7f8851dd8f7d.php 第 71 行.
NOTIC: [2] Use of undefined constant article_id - assumed 'article_id' (this will throw an Error in a future version of PHP) D:\Software\Apache24\htdocs\sztaekwondo\Application\Runtime\Cache\Admin\7a4184ffe8f804b12b2e7f8851dd8f7d.php 第 61 行.
NOTIC: [2] Use of undefined constant article_id - assumed 'article_id' (this will throw an Error in a future version of PHP) D:\Software\Apache24\htdocs\sztaekwondo\Application\Runtime\Cache\Admin\7a4184ffe8f804b12b2e7f8851dd8f7d.php 第 68 行.
NOTIC: [2] Use of undefined constant article_id - assumed 'article_id' (this will throw an Error in a future version of PHP) D:\Software\Apache24\htdocs\sztaekwondo\Application\Runtime\Cache\Admin\7a4184ffe8f804b12b2e7f8851dd8f7d.php 第 71 行.
NOTIC: [2] Use of undefined constant article_id - assumed 'article_id' (this will throw an Error in a future version of PHP) D:\Software\Apache24\htdocs\sztaekwondo\Application\Runtime\Cache\Admin\7a4184ffe8f804b12b2e7f8851dd8f7d.php 第 61 行.
NOTIC: [2] Use of undefined constant article_id - assumed 'article_id' (this will throw an Error in a future version of PHP) D:\Software\Apache24\htdocs\sztaekwondo\Application\Runtime\Cache\Admin\7a4184ffe8f804b12b2e7f8851dd8f7d.php 第 68 行.
NOTIC: [2] Use of undefined constant article_id - assumed 'article_id' (this will throw an Error in a future version of PHP) D:\Software\Apache24\htdocs\sztaekwondo\Application\Runtime\Cache\Admin\7a4184ffe8f804b12b2e7f8851dd8f7d.php 第 71 行.
NOTIC: [2] Use of undefined constant article_id - assumed 'article_id' (this will throw an Error in a future version of PHP) D:\Software\Apache24\htdocs\sztaekwondo\Application\Runtime\Cache\Admin\7a4184ffe8f804b12b2e7f8851dd8f7d.php 第 61 行.
NOTIC: [2] Use of undefined constant article_id - assumed 'article_id' (this will throw an Error in a future version of PHP) D:\Software\Apache24\htdocs\sztaekwondo\Application\Runtime\Cache\Admin\7a4184ffe8f804b12b2e7f8851dd8f7d.php 第 68 行.
NOTIC: [2] Use of undefined constant article_id - assumed 'article_id' (this will throw an Error in a future version of PHP) D:\Software\Apache24\htdocs\sztaekwondo\Application\Runtime\Cache\Admin\7a4184ffe8f804b12b2e7f8851dd8f7d.php 第 71 行.
INFO: Run Behavior\ParseTemplateBehavior [ RunTime:0.089763s ]
INFO: [ view_parse ] --END-- [ RunTime:0.089782s ]
INFO: [ view_filter ] --START--
INFO: Run Behavior\WriteHtmlCacheBehavior [ RunTime:0.000245s ]
INFO: [ view_filter ] --END-- [ RunTime:0.000259s ]
INFO: [ app_end ] --START--
INFO: Run Behavior\ShowPageTraceBehavior [ RunTime:0.000563s ]
INFO: [ app_end ] --END-- [ RunTime:0.000579s ]

[ 2018-12-07T18:29:19+08:00 ] ::1 /sztaekwondo/index.php/Admin/Article/editArticle.html
INFO: [ app_init ] --START--
INFO: Run Behavior\BuildLiteBehavior [ RunTime:0.000021s ]
INFO: [ app_init ] --END-- [ RunTime:0.000535s ]
INFO: [ app_begin ] --START--
INFO: Run Behavior\ReadHtmlCacheBehavior [ RunTime:0.000458s ]
INFO: [ app_begin ] --END-- [ RunTime:0.000484s ]
SQL: SHOW COLUMNS FROM `sz_article` [ RunTime:0.0007s ]
SQL: SELECT * FROM `sz_article` WHERE `article_id` = 12 LIMIT 1   [ RunTime:0.0002s ]
INFO: [ view_parse ] --START--
INFO: [ template_filter ] --START--
INFO: Run Behavior\ContentReplaceBehavior [ RunTime:0.000039s ]
INFO: [ template_filter ] --END-- [ RunTime:0.000060s ]
INFO: Run Behavior\ParseTemplateBehavior [ RunTime:0.134239s ]
INFO: [ view_parse ] --END-- [ RunTime:0.134262s ]
INFO: [ view_filter ] --START--
INFO: Run Behavior\WriteHtmlCacheBehavior [ RunTime:0.000238s ]
INFO: [ view_filter ] --END-- [ RunTime:0.000250s ]
INFO: [ app_end ] --START--
INFO: Run Behavior\ShowPageTraceBehavior [ RunTime:0.000715s ]
INFO: [ app_end ] --END-- [ RunTime:0.000739s ]

[ 2018-12-07T18:29:19+08:00 ] ::1 /sztaekwondo/index.php/Admin/Article/editArticle.html
INFO: [ app_init ] --START--
INFO: Run Behavior\BuildLiteBehavior [ RunTime:0.000009s ]
INFO: [ app_init ] --END-- [ RunTime:0.000687s ]
INFO: [ app_begin ] --START--
INFO: Run Behavior\ReadHtmlCacheBehavior [ RunTime:0.000696s ]
INFO: [ app_begin ] --END-- [ RunTime:0.000729s ]
SQL: SHOW COLUMNS FROM `sz_article` [ RunTime:0.0006s ]
SQL: SELECT * FROM `sz_article` WHERE `article_id` = 0 LIMIT 1   [ RunTime:0.0003s ]
INFO: [ view_parse ] --START--
INFO: [ template_filter ] --START--
INFO: Run Behavior\ContentReplaceBehavior [ RunTime:0.000064s ]
INFO: [ template_filter ] --END-- [ RunTime:0.000109s ]
INFO: Run Behavior\ParseTemplateBehavior [ RunTime:0.075716s ]
INFO: [ view_parse ] --END-- [ RunTime:0.075866s ]
INFO: [ view_filter ] --START--
INFO: Run Behavior\WriteHtmlCacheBehavior [ RunTime:0.003441s ]
INFO: [ view_filter ] --END-- [ RunTime:0.003530s ]
INFO: [ app_end ] --START--
INFO: Run Behavior\ShowPageTraceBehavior [ RunTime:0.001074s ]
INFO: [ app_end ] --END-- [ RunTime:0.001103s ]

[ 2018-12-07T18:29:23+08:00 ] ::1 /sztaekwondo/index.php/Admin/Article/index.html
INFO: [ app_init ] --START--
INFO: Run Behavior\BuildLiteBehavior [ RunTime:0.000005s ]
INFO: [ app_init ] --END-- [ RunTime:0.000284s ]
INFO: [ app_begin ] --START--
INFO: Run Behavior\ReadHtmlCacheBehavior [ RunTime:0.000438s ]
INFO: [ app_begin ] --END-- [ RunTime:0.000455s ]
SQL: SHOW COLUMNS FROM `sz_article` [ RunTime:0.0007s ]
SQL: SELECT * FROM `sz_article`  [ RunTime:0.0006s ]
INFO: [ view_parse ] --START--
INFO: [ template_filter ] --START--
INFO: Run Behavior\ContentReplaceBehavior [ RunTime:0.000043s ]
INFO: [ template_filter ] --END-- [ RunTime:0.000061s ]
NOTIC: [2] Use of undefined constant article_id - assumed 'article_id' (this will throw an Error in a future version of PHP) D:\Software\Apache24\htdocs\sztaekwondo\Application\Runtime\Cache\Admin\7a4184ffe8f804b12b2e7f8851dd8f7d.php 第 61 行.
NOTIC: [2] Use of undefined constant article_id - assumed 'article_id' (this will throw an Error in a future version of PHP) D:\Software\Apache24\htdocs\sztaekwondo\Application\Runtime\Cache\Admin\7a4184ffe8f804b12b2e7f8851dd8f7d.php 第 68 行.
NOTIC: [2] Use of undefined constant article_id - assumed 'article_id' (this will throw an Error in a future version of PHP) D:\Software\Apache24\htdocs\sztaekwondo\Application\Runtime\Cache\Admin\7a4184ffe8f804b12b2e7f8851dd8f7d.php 第 71 行.
NOTIC: [2] Use of undefined constant article_id - assumed 'article_id' (this will throw an Error in a future version of PHP) D:\Software\Apache24\htdocs\sztaekwondo\Application\Runtime\Cache\Admin\7a4184ffe8f804b12b2e7f8851dd8f7d.php 第 65 行.
NOTIC: [2] Use of undefined constant article_id - assumed 'article_id' (this will throw an Error in a future version of PHP) D:\Software\Apache24\htdocs\sztaekwondo\Application\Runtime\Cache\Admin\7a4184ffe8f804b12b2e7f8851dd8f7d.php 第 68 行.
NOTIC: [2] Use of undefined constant article_id - assumed 'article_id' (this will throw an Error in a future version of PHP) D:\Software\Apache24\htdocs\sztaekwondo\Application\Runtime\Cache\Admin\7a4184ffe8f804b12b2e7f8851dd8f7d.php 第 71 行.
NOTIC: [2] Use of undefined constant article_id - assumed 'article_id' (this will throw an Error in a future version of PHP) D:\Software\Apache24\htdocs\sztaekwondo\Application\Runtime\Cache\Admin\7a4184ffe8f804b12b2e7f8851dd8f7d.php 第 61 行.
NOTIC: [2] Use of undefined constant article_id - assumed 'article_id' (this will throw an Error in a future version of PHP) D:\Software\Apache24\htdocs\sztaekwondo\Application\Runtime\Cache\Admin\7a4184ffe8f804b12b2e7f8851dd8f7d.php 第 68 行.
NOTIC: [2] Use of undefined constant article_id - assumed 'article_id' (this will throw an Error in a future version of PHP) D:\Software\Apache24\htdocs\sztaekwondo\Application\Runtime\Cache\Admin\7a4184ffe8f804b12b2e7f8851dd8f7d.php 第 71 行.
NOTIC: [2] Use of undefined constant article_id - assumed 'article_id' (this will throw an Error in a future version of PHP) D:\Software\Apache24\htdocs\sztaekwondo\Application\Runtime\Cache\Admin\7a4184ffe8f804b12b2e7f8851dd8f7d.php 第 61 行.
NOTIC: [2] Use of undefined constant article_id - assumed 'article_id' (this will throw an Error in a future version of PHP) D:\Software\Apache24\htdocs\sztaekwondo\Application\Runtime\Cache\Admin\7a4184ffe8f804b12b2e7f8851dd8f7d.php 第 68 行.
NOTIC: [2] Use of undefined constant article_id - assumed 'article_id' (this will throw an Error in a future version of PHP) D:\Software\Apache24\htdocs\sztaekwondo\Application\Runtime\Cache\Admin\7a4184ffe8f804b12b2e7f8851dd8f7d.php 第 71 行.
NOTIC: [2] Use of undefined constant article_id - assumed 'article_id' (this will throw an Error in a future version of PHP) D:\Software\Apache24\htdocs\sztaekwondo\Application\Runtime\Cache\Admin\7a4184ffe8f804b12b2e7f8851dd8f7d.php 第 61 行.
NOTIC: [2] Use of undefined constant article_id - assumed 'article_id' (this will throw an Error in a future version of PHP) D:\Software\Apache24\htdocs\sztaekwondo\Application\Runtime\Cache\Admin\7a4184ffe8f804b12b2e7f8851dd8f7d.php 第 68 行.
NOTIC: [2] Use of undefined constant article_id - assumed 'article_id' (this will throw an Error in a future version of PHP) D:\Software\Apache24\htdocs\sztaekwondo\Application\Runtime\Cache\Admin\7a4184ffe8f804b12b2e7f8851dd8f7d.php 第 71 行.
NOTIC: [2] Use of undefined constant article_id - assumed 'article_id' (this will throw an Error in a future version of PHP) D:\Software\Apache24\htdocs\sztaekwondo\Application\Runtime\Cache\Admin\7a4184ffe8f804b12b2e7f8851dd8f7d.php 第 61 行.
NOTIC: [2] Use of undefined constant article_id - assumed 'article_id' (this will throw an Error in a future version of PHP) D:\Software\Apache24\htdocs\sztaekwondo\Application\Runtime\Cache\Admin\7a4184ffe8f804b12b2e7f8851dd8f7d.php 第 68 行.
NOTIC: [2] Use of undefined constant article_id - assumed 'article_id' (this will throw an Error in a future version of PHP) D:\Software\Apache24\htdocs\sztaekwondo\Application\Runtime\Cache\Admin\7a4184ffe8f804b12b2e7f8851dd8f7d.php 第 71 行.
NOTIC: [2] Use of undefined constant article_id - assumed 'article_id' (this will throw an Error in a future version of PHP) D:\Software\Apache24\htdocs\sztaekwondo\Application\Runtime\Cache\Admin\7a4184ffe8f804b12b2e7f8851dd8f7d.php 第 61 行.
NOTIC: [2] Use of undefined constant article_id - assumed 'article_id' (this will throw an Error in a future version of PHP) D:\Software\Apache24\htdocs\sztaekwondo\Application\Runtime\Cache\Admin\7a4184ffe8f804b12b2e7f8851dd8f7d.php 第 68 行.
NOTIC: [2] Use of undefined constant article_id - assumed 'article_id' (this will throw an Error in a future version of PHP) D:\Software\Apache24\htdocs\sztaekwondo\Application\Runtime\Cache\Admin\7a4184ffe8f804b12b2e7f8851dd8f7d.php 第 71 行.
INFO: Run Behavior\ParseTemplateBehavior [ RunTime:0.065098s ]
INFO: [ view_parse ] --END-- [ RunTime:0.065118s ]
INFO: [ view_filter ] --START--
INFO: Run Behavior\WriteHtmlCacheBehavior [ RunTime:0.000237s ]
INFO: [ view_filter ] --END-- [ RunTime:0.000251s ]
INFO: [ app_end ] --START--
INFO: Run Behavior\ShowPageTraceBehavior [ RunTime:0.000548s ]
INFO: [ app_end ] --END-- [ RunTime:0.000564s ]

[ 2018-12-07T18:29:24+08:00 ] ::1 /sztaekwondo/index.php/Admin/Article/editArticle.html
INFO: [ app_init ] --START--
INFO: Run Behavior\BuildLiteBehavior [ RunTime:0.000007s ]
INFO: [ app_init ] --END-- [ RunTime:0.000329s ]
INFO: [ app_begin ] --START--
INFO: Run Behavior\ReadHtmlCacheBehavior [ RunTime:0.000434s ]
INFO: [ app_begin ] --END-- [ RunTime:0.000456s ]
SQL: SHOW COLUMNS FROM `sz_article` [ RunTime:0.0006s ]
SQL: SELECT * FROM `sz_article` WHERE `article_id` = 11 LIMIT 1   [ RunTime:0.0004s ]
INFO: [ view_parse ] --START--
INFO: [ template_filter ] --START--
INFO: Run Behavior\ContentReplaceBehavior [ RunTime:0.000038s ]
INFO: [ template_filter ] --END-- [ RunTime:0.000054s ]
INFO: Run Behavior\ParseTemplateBehavior [ RunTime:0.065631s ]
INFO: [ view_parse ] --END-- [ RunTime:0.065664s ]
INFO: [ view_filter ] --START--
INFO: Run Behavior\WriteHtmlCacheBehavior [ RunTime:0.000480s ]
INFO: [ view_filter ] --END-- [ RunTime:0.000506s ]
INFO: [ app_end ] --START--
INFO: Run Behavior\ShowPageTraceBehavior [ RunTime:0.000624s ]
INFO: [ app_end ] --END-- [ RunTime:0.000722s ]

[ 2018-12-07T18:29:24+08:00 ] ::1 /sztaekwondo/index.php/Admin/Article/editArticle.html
INFO: [ app_init ] --START--
INFO: Run Behavior\BuildLiteBehavior [ RunTime:0.000008s ]
INFO: [ app_init ] --END-- [ RunTime:0.000334s ]
INFO: [ app_begin ] --START--
INFO: Run Behavior\ReadHtmlCacheBehavior [ RunTime:0.000437s ]
INFO: [ app_begin ] --END-- [ RunTime:0.000459s ]
SQL: SHOW COLUMNS FROM `sz_article` [ RunTime:0.0006s ]
SQL: SELECT * FROM `sz_article` WHERE `article_id` = 0 LIMIT 1   [ RunTime:0.0002s ]
INFO: [ view_parse ] --START--
INFO: [ template_filter ] --START--
INFO: Run Behavior\ContentReplaceBehavior [ RunTime:0.000047s ]
INFO: [ template_filter ] --END-- [ RunTime:0.000077s ]
INFO: Run Behavior\ParseTemplateBehavior [ RunTime:0.072267s ]
INFO: [ view_parse ] --END-- [ RunTime:0.072303s ]
INFO: [ view_filter ] --START--
INFO: Run Behavior\WriteHtmlCacheBehavior [ RunTime:0.000697s ]
INFO: [ view_filter ] --END-- [ RunTime:0.000753s ]
INFO: [ app_end ] --START--
INFO: Run Behavior\ShowPageTraceBehavior [ RunTime:0.002716s ]
INFO: [ app_end ] --END-- [ RunTime:0.002843s ]

[ 2018-12-07T18:29:26+08:00 ] ::1 /sztaekwondo/index.php/Admin/Image/listSlide.html
INFO: [ app_init ] --START--
INFO: Run Behavior\BuildLiteBehavior [ RunTime:0.000007s ]
INFO: [ app_init ] --END-- [ RunTime:0.000463s ]
INFO: [ app_begin ] --START--
INFO: Run Behavior\ReadHtmlCacheBehavior [ RunTime:0.001372s ]
INFO: [ app_begin ] --END-- [ RunTime:0.001406s ]
SQL: SHOW COLUMNS FROM `sz_image` [ RunTime:0.0006s ]
SQL: SELECT `img_id`,`type_name`,`img_small_logo`,`img_title`,`img_isdel`,`img_pubtime`,`img_addtime` FROM sz_image img INNER JOIN sz_imgtype t on img.img_typeid = type_id  WHERE ( img_typeid = 1 )  [ RunTime:0.0018s ]
INFO: [ view_parse ] --START--
INFO: [ template_filter ] --START--
INFO: Run Behavior\ContentReplaceBehavior [ RunTime:0.000048s ]
INFO: [ template_filter ] --END-- [ RunTime:0.000068s ]
NOTIC: [2] Use of undefined constant img_id - assumed 'img_id' (this will throw an Error in a future version of PHP) D:\Software\Apache24\htdocs\sztaekwondo\Application\Runtime\Cache\Admin\16c20bbbf8fb2c5e805bbd80eaf260cd.php 第 61 行.
NOTIC: [2] Use of undefined constant img_id - assumed 'img_id' (this will throw an Error in a future version of PHP) D:\Software\Apache24\htdocs\sztaekwondo\Application\Runtime\Cache\Admin\16c20bbbf8fb2c5e805bbd80eaf260cd.php 第 72 行.
NOTIC: [2] Use of undefined constant img_id - assumed 'img_id' (this will throw an Error in a future version of PHP) D:\Software\Apache24\htdocs\sztaekwondo\Application\Runtime\Cache\Admin\16c20bbbf8fb2c5e805bbd80eaf260cd.php 第 61 行.
NOTIC: [2] Use of undefined constant img_id - assumed 'img_id' (this will throw an Error in a future version of PHP) D:\Software\Apache24\htdocs\sztaekwondo\Application\Runtime\Cache\Admin\16c20bbbf8fb2c5e805bbd80eaf260cd.php 第 72 行.
NOTIC: [2] Use of undefined constant img_id - assumed 'img_id' (this will throw an Error in a future version of PHP) D:\Software\Apache24\htdocs\sztaekwondo\Application\Runtime\Cache\Admin\16c20bbbf8fb2c5e805bbd80eaf260cd.php 第 61 行.
NOTIC: [2] Use of undefined constant img_id - assumed 'img_id' (this will throw an Error in a future version of PHP) D:\Software\Apache24\htdocs\sztaekwondo\Application\Runtime\Cache\Admin\16c20bbbf8fb2c5e805bbd80eaf260cd.php 第 72 行.
NOTIC: [2] Use of undefined constant img_id - assumed 'img_id' (this will throw an Error in a future version of PHP) D:\Software\Apache24\htdocs\sztaekwondo\Application\Runtime\Cache\Admin\16c20bbbf8fb2c5e805bbd80eaf260cd.php 第 61 行.
NOTIC: [2] Use of undefined constant img_id - assumed 'img_id' (this will throw an Error in a future version of PHP) D:\Software\Apache24\htdocs\sztaekwondo\Application\Runtime\Cache\Admin\16c20bbbf8fb2c5e805bbd80eaf260cd.php 第 72 行.
INFO: Run Behavior\ParseTemplateBehavior [ RunTime:0.086120s ]
INFO: [ view_parse ] --END-- [ RunTime:0.086145s ]
INFO: [ view_filter ] --START--
INFO: Run Behavior\WriteHtmlCacheBehavior [ RunTime:0.000232s ]
INFO: [ view_filter ] --END-- [ RunTime:0.000246s ]
INFO: [ app_end ] --START--
INFO: Run Behavior\ShowPageTraceBehavior [ RunTime:0.000912s ]
INFO: [ app_end ] --END-- [ RunTime:0.000932s ]

[ 2018-12-07T18:29:28+08:00 ] ::1 /sztaekwondo/index.php/Admin/Image/picture-add.html
INFO: [ app_init ] --START--
INFO: Run Behavior\BuildLiteBehavior [ RunTime:0.000006s ]
INFO: [ app_init ] --END-- [ RunTime:0.000335s ]
INFO: [ app_begin ] --START--
INFO: Run Behavior\ReadHtmlCacheBehavior [ RunTime:0.000474s ]
INFO: [ app_begin ] --END-- [ RunTime:0.000499s ]
ERR: 非法操作:picture-add

[ 2018-12-07T18:29:29+08:00 ] ::1 /sztaekwondo/index.php/Admin/Image/listSlide.html
INFO: [ app_init ] --START--
INFO: Run Behavior\BuildLiteBehavior [ RunTime:0.000005s ]
INFO: [ app_init ] --END-- [ RunTime:0.000342s ]
INFO: [ app_begin ] --START--
INFO: Run Behavior\ReadHtmlCacheBehavior [ RunTime:0.000358s ]
INFO: [ app_begin ] --END-- [ RunTime:0.000375s ]
SQL: SHOW COLUMNS FROM `sz_image` [ RunTime:0.0008s ]
SQL: SELECT `img_id`,`type_name`,`img_small_logo`,`img_title`,`img_isdel`,`img_pubtime`,`img_addtime` FROM sz_image img INNER JOIN sz_imgtype t on img.img_typeid = type_id  WHERE ( img_typeid = 1 )  [ RunTime:0.0005s ]
INFO: [ view_parse ] --START--
INFO: [ template_filter ] --START--
INFO: Run Behavior\ContentReplaceBehavior [ RunTime:0.000102s ]
INFO: [ template_filter ] --END-- [ RunTime:0.000171s ]
NOTIC: [2] Use of undefined constant img_id - assumed 'img_id' (this will throw an Error in a future version of PHP) D:\Software\Apache24\htdocs\sztaekwondo\Application\Runtime\Cache\Admin\16c20bbbf8fb2c5e805bbd80eaf260cd.php 第 61 行.
NOTIC: [2] Use of undefined constant img_id - assumed 'img_id' (this will throw an Error in a future version of PHP) D:\Software\Apache24\htdocs\sztaekwondo\Application\Runtime\Cache\Admin\16c20bbbf8fb2c5e805bbd80eaf260cd.php 第 72 行.
NOTIC: [2] Use of undefined constant img_id - assumed 'img_id' (this will throw an Error in a future version of PHP) D:\Software\Apache24\htdocs\sztaekwondo\Application\Runtime\Cache\Admin\16c20bbbf8fb2c5e805bbd80eaf260cd.php 第 61 行.
NOTIC: [2] Use of undefined constant img_id - assumed 'img_id' (this will throw an Error in a future version of PHP) D:\Software\Apache24\htdocs\sztaekwondo\Application\Runtime\Cache\Admin\16c20bbbf8fb2c5e805bbd80eaf260cd.php 第 72 行.
NOTIC: [2] Use of undefined constant img_id - assumed 'img_id' (this will throw an Error in a future version of PHP) D:\Software\Apache24\htdocs\sztaekwondo\Application\Runtime\Cache\Admin\16c20bbbf8fb2c5e805bbd80eaf260cd.php 第 61 行.
NOTIC: [2] Use of undefined constant img_id - assumed 'img_id' (this will throw an Error in a future version of PHP) D:\Software\Apache24\htdocs\sztaekwondo\Application\Runtime\Cache\Admin\16c20bbbf8fb2c5e805bbd80eaf260cd.php 第 72 行.
NOTIC: [2] Use of undefined constant img_id - assumed 'img_id' (this will throw an Error in a future version of PHP) D:\Software\Apache24\htdocs\sztaekwondo\Application\Runtime\Cache\Admin\16c20bbbf8fb2c5e805bbd80eaf260cd.php 第 61 行.
NOTIC: [2] Use of undefined constant img_id - assumed 'img_id' (this will throw an Error in a future version of PHP) D:\Software\Apache24\htdocs\sztaekwondo\Application\Runtime\Cache\Admin\16c20bbbf8fb2c5e805bbd80eaf260cd.php 第 72 行.
INFO: Run Behavior\ParseTemplateBehavior [ RunTime:0.055548s ]
INFO: [ view_parse ] --END-- [ RunTime:0.055579s ]
INFO: [ view_filter ] --START--
INFO: Run Behavior\WriteHtmlCacheBehavior [ RunTime:0.000296s ]
INFO: [ view_filter ] --END-- [ RunTime:0.000312s ]
INFO: [ app_end ] --START--
INFO: Run Behavior\ShowPageTraceBehavior [ RunTime:0.001069s ]
INFO: [ app_end ] --END-- [ RunTime:0.001107s ]

[ 2018-12-07T18:29:41+08:00 ] ::1 /sztaekwondo/index.php/Admin/Image/picture-add.html
INFO: [ app_init ] --START--
INFO: Run Behavior\BuildLiteBehavior [ RunTime:0.000006s ]
INFO: [ app_init ] --END-- [ RunTime:0.000421s ]
INFO: [ app_begin ] --START--
INFO: Run Behavior\ReadHtmlCacheBehavior [ RunTime:0.000688s ]
INFO: [ app_begin ] --END-- [ RunTime:0.000726s ]
ERR: 非法操作:picture-add

[ 2018-12-07T18:30:00+08:00 ] ::1 /sztaekwondo/index.php/Admin/Image/listShowbox.html
INFO: [ app_init ] --START--
INFO: Run Behavior\BuildLiteBehavior [ RunTime:0.000006s ]
INFO: [ app_init ] --END-- [ RunTime:0.000282s ]
INFO: [ app_begin ] --START--
INFO: Run Behavior\ReadHtmlCacheBehavior [ RunTime:0.000488s ]
INFO: [ app_begin ] --END-- [ RunTime:0.000504s ]
SQL: SHOW COLUMNS FROM `sz_image` [ RunTime:0.0007s ]
SQL: SELECT `img_id`,`type_name`,`img_small_logo`,`img_title`,`img_isdel`,`img_pubtime`,`img_addtime` FROM sz_image img INNER JOIN sz_imgtype t on img.img_typeid = type_id  WHERE ( img_typeid = 2 )  [ RunTime:0.0003s ]
INFO: [ view_parse ] --START--
INFO: [ template_filter ] --START--
INFO: Run Behavior\ContentReplaceBehavior [ RunTime:0.000098s ]
INFO: [ template_filter ] --END-- [ RunTime:0.000143s ]
NOTIC: [2] Use of undefined constant img_id - assumed 'img_id' (this will throw an Error in a future version of PHP) D:\Software\Apache24\htdocs\sztaekwondo\Application\Runtime\Cache\Admin\c6e18b610a424d1b85d2dbd5deba89d1.php 第 61 行.
NOTIC: [2] Use of undefined constant img_id - assumed 'img_id' (this will throw an Error in a future version of PHP) D:\Software\Apache24\htdocs\sztaekwondo\Application\Runtime\Cache\Admin\c6e18b610a424d1b85d2dbd5deba89d1.php 第 72 行.
NOTIC: [2] Use of undefined constant img_id - assumed 'img_id' (this will throw an Error in a future version of PHP) D:\Software\Apache24\htdocs\sztaekwondo\Application\Runtime\Cache\Admin\c6e18b610a424d1b85d2dbd5deba89d1.php 第 61 行.
NOTIC: [2] Use of undefined constant img_id - assumed 'img_id' (this will throw an Error in a future version of PHP) D:\Software\Apache24\htdocs\sztaekwondo\Application\Runtime\Cache\Admin\c6e18b610a424d1b85d2dbd5deba89d1.php 第 72 行.
NOTIC: [2] Use of undefined constant img_id - assumed 'img_id' (this will throw an Error in a future version of PHP) D:\Software\Apache24\htdocs\sztaekwondo\Application\Runtime\Cache\Admin\c6e18b610a424d1b85d2dbd5deba89d1.php 第 61 行.
NOTIC: [2] Use of undefined constant img_id - assumed 'img_id' (this will throw an Error in a future version of PHP) D:\Software\Apache24\htdocs\sztaekwondo\Application\Runtime\Cache\Admin\c6e18b610a424d1b85d2dbd5deba89d1.php 第 72 行.
INFO: Run Behavior\ParseTemplateBehavior [ RunTime:0.092986s ]
INFO: [ view_parse ] --END-- [ RunTime:0.093018s ]
INFO: [ view_filter ] --START--
INFO: Run Behavior\WriteHtmlCacheBehavior [ RunTime:0.000559s ]
INFO: [ view_filter ] --END-- [ RunTime:0.000575s ]
INFO: [ app_end ] --START--
INFO: Run Behavior\ShowPageTraceBehavior [ RunTime:0.001002s ]
INFO: [ app_end ] --END-- [ RunTime:0.001026s ]

